<?xml version="1.0" encoding="UTF-8"?>
<!-- Generated by org.testng.reporters.JUnitReportReporter -->
<testsuite skipped="0" hostname="Harshith" name="test.GseasTest" tests="1" failures="0" timestamp="23 Oct 2018 16:49:12 GMT" time="27.588" errors="0">
  <testcase name="test" time="27.588" classname="test.GseasTest"/>
</testsuite> <!-- test.GseasTest -->
